<?xml version="1.0" encoding="UTF-8"?>
<testsuite xmlns:xsi="http://www.w3.org/2001/XMLSchema-instance" xsi:noNamespaceSchemaLocation="https://maven.apache.org/surefire/maven-surefire-plugin/xsd/surefire-test-report-3.0.xsd" version="3.0" name="com.openclassrooms.tourguide.TestPerformance" time="159.843" tests="2" errors="0" skipped="0" failures="0">
  <properties>
[...]
</properties>
  <testcase name="highVolumeTrackLocation" classname="com.openclassrooms.tourguide.TestPerformance" time="53.05">
    <system-out><![CDATA[20:42:34.700 [main] INFO com.openclassrooms.tourguide.service.TourGuideService -- TestMode enabled
highVolumeTrackLocation: Time Elapsed: 52 seconds.
]]></system-out>
  </testcase>
  <testcase name="highVolumeGetRewards" classname="com.openclassrooms.tourguide.TestPerformance" time="106.758">
    <system-out><![CDATA[20:43:27.472 [main] INFO com.openclassrooms.tourguide.service.TourGuideService -- TestMode enabled
highVolumeGetRewards: Time Elapsed: 106 seconds.
]]></system-out>
  </testcase>
</testsuite>